<?xml version="1.0" encoding="UTF-8"?>
<!-- Generated by org.testng.reporters.JUnitReportReporter -->
<testsuite hostname="DESKTOP-IODLSC9" failures="0" tests="1" name="com.api.tests.PutTests" time="9.324" errors="0" timestamp="2024-12-20T21:14:33 IST" skipped="0">
  <testcase classname="com.api.tests.PutTests" name="testPutEndpoint" time="9.324"/>
  <system-out/>
</testsuite> <!-- com.api.tests.PutTests -->
