<?xml version="1.0" encoding="UTF-8"?>
<!-- Generated by org.testng.reporters.JUnitReportReporter -->
<testsuite hostname="DESKTOP-IODLSC9" failures="0" tests="1" name="com.api.tests.GetTests" time="9.149" errors="0" timestamp="2024-12-20T21:14:33 IST" skipped="0">
  <testcase classname="com.api.tests.GetTests" name="testGetEndpoint" time="9.149"/>
  <system-out/>
</testsuite> <!-- com.api.tests.GetTests -->
